INFO     stat_parser.py[LINE:13 2020-09-15 12:40-02][MainProcess][get_html] Start receive html on http://www.nowgoal.group/detail/1722046.html
INFO     stat_parser.py[LINE:13 2020-09-15 12:40-35][MainProcess][get_html] Start receive html on http://www.nowgoal.group/detail/1722046.html
INFO     stat_parser.py[LINE:26 2020-09-15 12:40-40][MainProcess][get_stats] Start stat parse
INFO     stat_parser.py[LINE:13 2020-09-15 12:42-50][MainProcess][get_html] Start receive html on http://www.nowgoal.group/detail/1722046.html
INFO     stat_parser.py[LINE:26 2020-09-15 12:42-55][MainProcess][get_stats] Start stat parse
INFO     stat_parser.py[LINE:13 2020-09-15 12:44-11][MainProcess][get_html] Start receive html on http://www.nowgoal.group/detail/1722046.html
INFO     stat_parser.py[LINE:26 2020-09-15 12:44-19][MainProcess][get_stats] Start stat parse
INFO     stat_parser.py[LINE:13 2020-09-15 12:44-27][MainProcess][get_html] Start receive html on http://www.nowgoal.group/detail/1722046.html
INFO     stat_parser.py[LINE:26 2020-09-15 12:44-32][MainProcess][get_stats] Start stat parse
INFO     stat_parser.py[LINE:13 2020-09-15 12:48-52][MainProcess][get_html] Start receive html on http://www.nowgoal.group/detail/1722046.html
INFO     stat_parser.py[LINE:32 2020-09-15 12:48-58][MainProcess][get_stats] Start stat parse
INFO     stat_parser.py[LINE:13 2020-09-15 12:49-14][MainProcess][get_html] Start receive html on http://www.nowgoal.group/detail/1722046.html
INFO     stat_parser.py[LINE:32 2020-09-15 12:49-20][MainProcess][get_stats] Start stat parse
INFO     stat_parser.py[LINE:13 2020-09-15 12:49-38][MainProcess][get_html] Start receive html on http://www.nowgoal.group/detail/1722046.html
INFO     stat_parser.py[LINE:32 2020-09-15 12:49-42][MainProcess][get_stats] Start stat parse
INFO     stat_parser.py[LINE:13 2020-09-15 12:50-20][MainProcess][get_html] Start receive html on http://www.nowgoal.group/detail/1722046.html
INFO     stat_parser.py[LINE:32 2020-09-15 12:50-25][MainProcess][get_stats] Start stat parse
INFO     stat_parser.py[LINE:13 2020-09-15 12:52-53][MainProcess][get_html] Start receive html on http://data.nowgoal.group/detail/987145.html
INFO     stat_parser.py[LINE:32 2020-09-15 12:53-00][MainProcess][get_stats] Start stat parse
INFO     stat_parser.py[LINE:13 2020-09-15 12:53-21][MainProcess][get_html] Start receive html on http://data.nowgoal.group/detail/987145.html
INFO     stat_parser.py[LINE:32 2020-09-15 12:53-25][MainProcess][get_stats] Start stat parse
INFO     stat_parser.py[LINE:13 2020-09-15 12:53-54][MainProcess][get_html] Start receive html on http://data.nowgoal.group/detail/987145.html
INFO     stat_parser.py[LINE:32 2020-09-15 12:53-58][MainProcess][get_stats] Start stat parse
INFO     stat_parser.py[LINE:13 2020-09-15 12:56-47][MainProcess][get_html] Start receive html on http://data.nowgoal.group/detail/561213.html
INFO     stat_parser.py[LINE:33 2020-09-15 12:56-55][MainProcess][get_stats] Start stat parse
INFO     stat_parser.py[LINE:13 2020-09-15 13:30-33][MainProcess][get_html] Start receive html on http://www.nowgoal.group/1x2/1720898.htm
INFO     stat_parser.py[LINE:48 2020-09-15 13:30-40][MainProcess][get_odds_info] Start stat parse
INFO     stat_parser.py[LINE:13 2020-09-15 13:36-18][MainProcess][get_html] Start receive html on http://www.nowgoal.group/1x2/1720898.htm
INFO     stat_parser.py[LINE:53 2020-09-15 13:36-29][MainProcess][get_odds_info] Start stat parse
INFO     stat_parser.py[LINE:13 2020-09-15 13:36-29][MainProcess][get_html] Start receive html on http://data.nowgoal.group/1x2/OddsHistory.aspx?id=90474561&r1=Everton&r2=West%20Ham%20United&Company=Pinnacle
INFO     stat_parser.py[LINE:13 2020-09-15 13:36-32][MainProcess][get_html] Start receive html on http://data.nowgoal.group/1x2/OddsHistory.aspx?id=90507850&r1=Everton&r2=West%20Ham%20United&Company=Sbobet
INFO     stat_parser.py[LINE:13 2020-09-15 13:36-36][MainProcess][get_html] Start receive html on http://data.nowgoal.group/1x2/OddsHistory.aspx?id=90661723&r1=Everton&r2=West%20Ham%20United&Company=Betfair
INFO     stat_parser.py[LINE:13 2020-09-15 13:36-39][MainProcess][get_html] Start receive html on http://data.nowgoal.group/1x2/OddsHistory.aspx?id=90474860&r1=Everton&r2=West%20Ham%20United&Company=1xBet
INFO     stat_parser.py[LINE:13 2020-09-15 13:36-42][MainProcess][get_html] Start receive html on http://data.nowgoal.group/1x2/OddsHistory.aspx?id=90876533&r1=Everton&r2=West%20Ham%20United&Company=Marathonbet
INFO     stat_parser.py[LINE:22 2020-09-15 13:43-27][MainProcess][get_html] Start receive html on http://www.nowgoal.group/1x2/1720898.htm
INFO     stat_parser.py[LINE:62 2020-09-15 13:43-32][MainProcess][get_odds_info] Start stat parse
ERROR    stat_parser.py[LINE:78 2020-09-15 13:43-33][MainProcess][get_odds_info] Err on received odds info
Traceback (most recent call last):
  File "nowg_parser/stat_parser.py", line 76, in get_odds_info
    get_odds_change(get_html_requests(odds_url))
  File "nowg_parser/stat_parser.py", line 14, in get_html_requests
    user_agent = UserAgent().chrome
NameError: name 'UserAgent' is not defined
ERROR    stat_parser.py[LINE:78 2020-09-15 13:43-33][MainProcess][get_odds_info] Err on received odds info
Traceback (most recent call last):
  File "nowg_parser/stat_parser.py", line 76, in get_odds_info
    get_odds_change(get_html_requests(odds_url))
  File "nowg_parser/stat_parser.py", line 14, in get_html_requests
    user_agent = UserAgent().chrome
NameError: name 'UserAgent' is not defined
ERROR    stat_parser.py[LINE:78 2020-09-15 13:43-33][MainProcess][get_odds_info] Err on received odds info
Traceback (most recent call last):
  File "nowg_parser/stat_parser.py", line 76, in get_odds_info
    get_odds_change(get_html_requests(odds_url))
  File "nowg_parser/stat_parser.py", line 14, in get_html_requests
    user_agent = UserAgent().chrome
NameError: name 'UserAgent' is not defined
ERROR    stat_parser.py[LINE:78 2020-09-15 13:43-33][MainProcess][get_odds_info] Err on received odds info
Traceback (most recent call last):
  File "nowg_parser/stat_parser.py", line 76, in get_odds_info
    get_odds_change(get_html_requests(odds_url))
  File "nowg_parser/stat_parser.py", line 14, in get_html_requests
    user_agent = UserAgent().chrome
NameError: name 'UserAgent' is not defined
ERROR    stat_parser.py[LINE:78 2020-09-15 13:43-33][MainProcess][get_odds_info] Err on received odds info
Traceback (most recent call last):
  File "nowg_parser/stat_parser.py", line 76, in get_odds_info
    get_odds_change(get_html_requests(odds_url))
  File "nowg_parser/stat_parser.py", line 14, in get_html_requests
    user_agent = UserAgent().chrome
NameError: name 'UserAgent' is not defined
INFO     stat_parser.py[LINE:22 2020-09-15 13:43-50][MainProcess][get_html] Start receive html on http://www.nowgoal.group/1x2/1720898.htm
INFO     stat_parser.py[LINE:62 2020-09-15 13:43-57][MainProcess][get_odds_info] Start stat parse
ERROR    stat_parser.py[LINE:78 2020-09-15 13:43-58][MainProcess][get_odds_info] Err on received odds info
Traceback (most recent call last):
  File "nowg_parser/stat_parser.py", line 76, in get_odds_info
    get_odds_change(get_html_requests(odds_url))
  File "nowg_parser/stat_parser.py", line 14, in get_html_requests
    user_agent = UserAgent().chrome
NameError: name 'UserAgent' is not defined
ERROR    stat_parser.py[LINE:78 2020-09-15 13:43-58][MainProcess][get_odds_info] Err on received odds info
Traceback (most recent call last):
  File "nowg_parser/stat_parser.py", line 76, in get_odds_info
    get_odds_change(get_html_requests(odds_url))
  File "nowg_parser/stat_parser.py", line 14, in get_html_requests
    user_agent = UserAgent().chrome
NameError: name 'UserAgent' is not defined
ERROR    stat_parser.py[LINE:78 2020-09-15 13:43-58][MainProcess][get_odds_info] Err on received odds info
Traceback (most recent call last):
  File "nowg_parser/stat_parser.py", line 76, in get_odds_info
    get_odds_change(get_html_requests(odds_url))
  File "nowg_parser/stat_parser.py", line 14, in get_html_requests
    user_agent = UserAgent().chrome
NameError: name 'UserAgent' is not defined
ERROR    stat_parser.py[LINE:78 2020-09-15 13:43-58][MainProcess][get_odds_info] Err on received odds info
Traceback (most recent call last):
  File "nowg_parser/stat_parser.py", line 76, in get_odds_info
    get_odds_change(get_html_requests(odds_url))
  File "nowg_parser/stat_parser.py", line 14, in get_html_requests
    user_agent = UserAgent().chrome
NameError: name 'UserAgent' is not defined
ERROR    stat_parser.py[LINE:78 2020-09-15 13:43-58][MainProcess][get_odds_info] Err on received odds info
Traceback (most recent call last):
  File "nowg_parser/stat_parser.py", line 76, in get_odds_info
    get_odds_change(get_html_requests(odds_url))
  File "nowg_parser/stat_parser.py", line 14, in get_html_requests
    user_agent = UserAgent().chrome
NameError: name 'UserAgent' is not defined
INFO     stat_parser.py[LINE:22 2020-09-15 13:44-16][MainProcess][get_html] Start receive html on http://www.nowgoal.group/1x2/1720898.htm
INFO     stat_parser.py[LINE:62 2020-09-15 13:44-22][MainProcess][get_odds_info] Start stat parse
ERROR    stat_parser.py[LINE:78 2020-09-15 13:44-22][MainProcess][get_odds_info] Err on received odds info
Traceback (most recent call last):
  File "nowg_parser/stat_parser.py", line 76, in get_odds_info
    get_odds_change(get_html_requests(odds_url))
  File "nowg_parser/stat_parser.py", line 14, in get_html_requests
    user_agent = UserAgent().chrome
NameError: name 'UserAgent' is not defined
ERROR    stat_parser.py[LINE:78 2020-09-15 13:44-22][MainProcess][get_odds_info] Err on received odds info
Traceback (most recent call last):
  File "nowg_parser/stat_parser.py", line 76, in get_odds_info
    get_odds_change(get_html_requests(odds_url))
  File "nowg_parser/stat_parser.py", line 14, in get_html_requests
    user_agent = UserAgent().chrome
NameError: name 'UserAgent' is not defined
ERROR    stat_parser.py[LINE:78 2020-09-15 13:44-22][MainProcess][get_odds_info] Err on received odds info
Traceback (most recent call last):
  File "nowg_parser/stat_parser.py", line 76, in get_odds_info
    get_odds_change(get_html_requests(odds_url))
  File "nowg_parser/stat_parser.py", line 14, in get_html_requests
    user_agent = UserAgent().chrome
NameError: name 'UserAgent' is not defined
ERROR    stat_parser.py[LINE:78 2020-09-15 13:44-22][MainProcess][get_odds_info] Err on received odds info
Traceback (most recent call last):
  File "nowg_parser/stat_parser.py", line 76, in get_odds_info
    get_odds_change(get_html_requests(odds_url))
  File "nowg_parser/stat_parser.py", line 14, in get_html_requests
    user_agent = UserAgent().chrome
NameError: name 'UserAgent' is not defined
ERROR    stat_parser.py[LINE:78 2020-09-15 13:44-22][MainProcess][get_odds_info] Err on received odds info
Traceback (most recent call last):
  File "nowg_parser/stat_parser.py", line 76, in get_odds_info
    get_odds_change(get_html_requests(odds_url))
  File "nowg_parser/stat_parser.py", line 14, in get_html_requests
    user_agent = UserAgent().chrome
NameError: name 'UserAgent' is not defined
INFO     stat_parser.py[LINE:14 2020-09-15 13:44-50][MainProcess][get_html] Start receive html on http://www.nowgoal.group/1x2/1720898.htm
INFO     stat_parser.py[LINE:54 2020-09-15 13:44-55][MainProcess][get_odds_info] Start stat parse
INFO     stat_parser.py[LINE:14 2020-09-15 13:44-55][MainProcess][get_html] Start receive html on http://data.nowgoal.group/1x2/OddsHistory.aspx?id=90474561&r1=Everton&r2=West%20Ham%20United&Company=Pinnacle
INFO     stat_parser.py[LINE:14 2020-09-15 13:45-04][MainProcess][get_html] Start receive html on http://data.nowgoal.group/1x2/OddsHistory.aspx?id=90507850&r1=Everton&r2=West%20Ham%20United&Company=Sbobet
INFO     stat_parser.py[LINE:14 2020-09-15 13:45-09][MainProcess][get_html] Start receive html on http://data.nowgoal.group/1x2/OddsHistory.aspx?id=90661723&r1=Everton&r2=West%20Ham%20United&Company=Betfair
INFO     stat_parser.py[LINE:14 2020-09-15 13:45-13][MainProcess][get_html] Start receive html on http://data.nowgoal.group/1x2/OddsHistory.aspx?id=90474860&r1=Everton&r2=West%20Ham%20United&Company=1xBet
INFO     stat_parser.py[LINE:14 2020-09-15 13:45-17][MainProcess][get_html] Start receive html on http://data.nowgoal.group/1x2/OddsHistory.aspx?id=90876533&r1=Everton&r2=West%20Ham%20United&Company=Marathonbet
INFO     stat_parser.py[LINE:14 2020-09-15 13:45-51][MainProcess][get_html] Start receive html on http://www.nowgoal.group/1x2/1720898.htm
INFO     stat_parser.py[LINE:54 2020-09-15 13:45-56][MainProcess][get_odds_info] Start stat parse
INFO     stat_parser.py[LINE:14 2020-09-15 13:45-56][MainProcess][get_html] Start receive html on http://data.nowgoal.group/1x2/OddsHistory.aspx?id=90474561&r1=Everton&r2=West%20Ham%20United&Company=Pinnacle
INFO     stat_parser.py[LINE:14 2020-09-15 13:46-01][MainProcess][get_html] Start receive html on http://data.nowgoal.group/1x2/OddsHistory.aspx?id=90507850&r1=Everton&r2=West%20Ham%20United&Company=Sbobet
INFO     stat_parser.py[LINE:14 2020-09-15 13:46-06][MainProcess][get_html] Start receive html on http://data.nowgoal.group/1x2/OddsHistory.aspx?id=90661723&r1=Everton&r2=West%20Ham%20United&Company=Betfair
INFO     stat_parser.py[LINE:14 2020-09-15 13:46-10][MainProcess][get_html] Start receive html on http://data.nowgoal.group/1x2/OddsHistory.aspx?id=90474860&r1=Everton&r2=West%20Ham%20United&Company=1xBet
INFO     stat_parser.py[LINE:14 2020-09-15 13:46-14][MainProcess][get_html] Start receive html on http://data.nowgoal.group/1x2/OddsHistory.aspx?id=90876533&r1=Everton&r2=West%20Ham%20United&Company=Marathonbet
INFO     stat_parser.py[LINE:14 2020-09-15 13:50-08][MainProcess][get_html] Start receive html on http://www.nowgoal.group/1x2/1720898.htm
INFO     stat_parser.py[LINE:57 2020-09-15 13:50-14][MainProcess][get_odds_info] Start stat parse
INFO     stat_parser.py[LINE:14 2020-09-15 13:50-14][MainProcess][get_html] Start receive html on http://data.nowgoal.group/1x2/OddsHistory.aspx?id=90474561&r1=Everton&r2=West%20Ham%20United&Company=Pinnacle
INFO     stat_parser.py[LINE:14 2020-09-15 13:50-19][MainProcess][get_html] Start receive html on http://data.nowgoal.group/1x2/OddsHistory.aspx?id=90507850&r1=Everton&r2=West%20Ham%20United&Company=Sbobet
INFO     stat_parser.py[LINE:14 2020-09-15 13:50-24][MainProcess][get_html] Start receive html on http://data.nowgoal.group/1x2/OddsHistory.aspx?id=90661723&r1=Everton&r2=West%20Ham%20United&Company=Betfair
INFO     stat_parser.py[LINE:14 2020-09-15 13:56-42][MainProcess][get_html] Start receive html on http://www.nowgoal.group/1x2/1720898.htm
INFO     stat_parser.py[LINE:80 2020-09-15 13:56-50][MainProcess][get_odds_info] Start stat parse
INFO     stat_parser.py[LINE:14 2020-09-15 13:56-50][MainProcess][get_html] Start receive html on http://data.nowgoal.group/1x2/OddsHistory.aspx?id=90474561&r1=Everton&r2=West%20Ham%20United&Company=Pinnacle
ERROR    stat_parser.py[LINE:96 2020-09-15 13:56-55][MainProcess][get_odds_info] Err on received odds info
Traceback (most recent call last):
  File "nowg_parser/stat_parser.py", line 94, in get_odds_info
    get_odds_change(get_html(odds_url))
  File "nowg_parser/stat_parser.py", line 62, in get_odds_change
    tds = tr.select('td')
  File "/home/max/.cache/pypoetry/virtualenvs/nowg-parser-OXPWsSDV-py3.8/lib/python3.8/site-packages/bs4/element.py", line 883, in __getattr__
    raise AttributeError(
AttributeError: 'NavigableString' object has no attribute 'select'
INFO     stat_parser.py[LINE:14 2020-09-15 13:56-55][MainProcess][get_html] Start receive html on http://data.nowgoal.group/1x2/OddsHistory.aspx?id=90507850&r1=Everton&r2=West%20Ham%20United&Company=Sbobet
ERROR    stat_parser.py[LINE:96 2020-09-15 13:57-00][MainProcess][get_odds_info] Err on received odds info
Traceback (most recent call last):
  File "nowg_parser/stat_parser.py", line 94, in get_odds_info
    get_odds_change(get_html(odds_url))
  File "nowg_parser/stat_parser.py", line 62, in get_odds_change
    tds = tr.select('td')
  File "/home/max/.cache/pypoetry/virtualenvs/nowg-parser-OXPWsSDV-py3.8/lib/python3.8/site-packages/bs4/element.py", line 883, in __getattr__
    raise AttributeError(
AttributeError: 'NavigableString' object has no attribute 'select'
INFO     stat_parser.py[LINE:14 2020-09-15 13:57-00][MainProcess][get_html] Start receive html on http://data.nowgoal.group/1x2/OddsHistory.aspx?id=90661723&r1=Everton&r2=West%20Ham%20United&Company=Betfair
ERROR    stat_parser.py[LINE:96 2020-09-15 13:57-04][MainProcess][get_odds_info] Err on received odds info
Traceback (most recent call last):
  File "nowg_parser/stat_parser.py", line 94, in get_odds_info
    get_odds_change(get_html(odds_url))
  File "nowg_parser/stat_parser.py", line 62, in get_odds_change
    tds = tr.select('td')
  File "/home/max/.cache/pypoetry/virtualenvs/nowg-parser-OXPWsSDV-py3.8/lib/python3.8/site-packages/bs4/element.py", line 883, in __getattr__
    raise AttributeError(
AttributeError: 'NavigableString' object has no attribute 'select'
INFO     stat_parser.py[LINE:14 2020-09-15 13:57-04][MainProcess][get_html] Start receive html on http://data.nowgoal.group/1x2/OddsHistory.aspx?id=90474860&r1=Everton&r2=West%20Ham%20United&Company=1xBet
ERROR    stat_parser.py[LINE:96 2020-09-15 13:57-09][MainProcess][get_odds_info] Err on received odds info
Traceback (most recent call last):
  File "nowg_parser/stat_parser.py", line 94, in get_odds_info
    get_odds_change(get_html(odds_url))
  File "nowg_parser/stat_parser.py", line 62, in get_odds_change
    tds = tr.select('td')
  File "/home/max/.cache/pypoetry/virtualenvs/nowg-parser-OXPWsSDV-py3.8/lib/python3.8/site-packages/bs4/element.py", line 883, in __getattr__
    raise AttributeError(
AttributeError: 'NavigableString' object has no attribute 'select'
INFO     stat_parser.py[LINE:14 2020-09-15 13:57-09][MainProcess][get_html] Start receive html on http://data.nowgoal.group/1x2/OddsHistory.aspx?id=90876533&r1=Everton&r2=West%20Ham%20United&Company=Marathonbet
ERROR    stat_parser.py[LINE:96 2020-09-15 13:57-12][MainProcess][get_odds_info] Err on received odds info
Traceback (most recent call last):
  File "nowg_parser/stat_parser.py", line 94, in get_odds_info
    get_odds_change(get_html(odds_url))
  File "nowg_parser/stat_parser.py", line 62, in get_odds_change
    tds = tr.select('td')
  File "/home/max/.cache/pypoetry/virtualenvs/nowg-parser-OXPWsSDV-py3.8/lib/python3.8/site-packages/bs4/element.py", line 883, in __getattr__
    raise AttributeError(
AttributeError: 'NavigableString' object has no attribute 'select'
INFO     stat_parser.py[LINE:14 2020-09-15 13:57-24][MainProcess][get_html] Start receive html on http://www.nowgoal.group/1x2/1720898.htm
INFO     stat_parser.py[LINE:80 2020-09-15 13:57-29][MainProcess][get_odds_info] Start stat parse
INFO     stat_parser.py[LINE:14 2020-09-15 13:57-29][MainProcess][get_html] Start receive html on http://data.nowgoal.group/1x2/OddsHistory.aspx?id=90474561&r1=Everton&r2=West%20Ham%20United&Company=Pinnacle
ERROR    stat_parser.py[LINE:96 2020-09-15 13:57-34][MainProcess][get_odds_info] Err on received odds info
Traceback (most recent call last):
  File "nowg_parser/stat_parser.py", line 94, in get_odds_info
    get_odds_change(get_html(odds_url))
  File "nowg_parser/stat_parser.py", line 62, in get_odds_change
    tds = tr.select('td')
  File "/home/max/.cache/pypoetry/virtualenvs/nowg-parser-OXPWsSDV-py3.8/lib/python3.8/site-packages/bs4/element.py", line 883, in __getattr__
    raise AttributeError(
AttributeError: 'NavigableString' object has no attribute 'select'
INFO     stat_parser.py[LINE:14 2020-09-15 13:57-34][MainProcess][get_html] Start receive html on http://data.nowgoal.group/1x2/OddsHistory.aspx?id=90507850&r1=Everton&r2=West%20Ham%20United&Company=Sbobet
ERROR    stat_parser.py[LINE:96 2020-09-15 13:57-39][MainProcess][get_odds_info] Err on received odds info
Traceback (most recent call last):
  File "nowg_parser/stat_parser.py", line 94, in get_odds_info
    get_odds_change(get_html(odds_url))
  File "nowg_parser/stat_parser.py", line 62, in get_odds_change
    tds = tr.select('td')
  File "/home/max/.cache/pypoetry/virtualenvs/nowg-parser-OXPWsSDV-py3.8/lib/python3.8/site-packages/bs4/element.py", line 883, in __getattr__
    raise AttributeError(
AttributeError: 'NavigableString' object has no attribute 'select'
INFO     stat_parser.py[LINE:14 2020-09-15 13:57-39][MainProcess][get_html] Start receive html on http://data.nowgoal.group/1x2/OddsHistory.aspx?id=90661723&r1=Everton&r2=West%20Ham%20United&Company=Betfair
ERROR    stat_parser.py[LINE:96 2020-09-15 13:57-43][MainProcess][get_odds_info] Err on received odds info
Traceback (most recent call last):
  File "nowg_parser/stat_parser.py", line 94, in get_odds_info
    get_odds_change(get_html(odds_url))
  File "nowg_parser/stat_parser.py", line 62, in get_odds_change
    tds = tr.select('td')
  File "/home/max/.cache/pypoetry/virtualenvs/nowg-parser-OXPWsSDV-py3.8/lib/python3.8/site-packages/bs4/element.py", line 883, in __getattr__
    raise AttributeError(
AttributeError: 'NavigableString' object has no attribute 'select'
INFO     stat_parser.py[LINE:14 2020-09-15 13:57-43][MainProcess][get_html] Start receive html on http://data.nowgoal.group/1x2/OddsHistory.aspx?id=90474860&r1=Everton&r2=West%20Ham%20United&Company=1xBet
ERROR    stat_parser.py[LINE:96 2020-09-15 13:57-47][MainProcess][get_odds_info] Err on received odds info
Traceback (most recent call last):
  File "nowg_parser/stat_parser.py", line 94, in get_odds_info
    get_odds_change(get_html(odds_url))
  File "nowg_parser/stat_parser.py", line 62, in get_odds_change
    tds = tr.select('td')
  File "/home/max/.cache/pypoetry/virtualenvs/nowg-parser-OXPWsSDV-py3.8/lib/python3.8/site-packages/bs4/element.py", line 883, in __getattr__
    raise AttributeError(
AttributeError: 'NavigableString' object has no attribute 'select'
INFO     stat_parser.py[LINE:14 2020-09-15 13:57-47][MainProcess][get_html] Start receive html on http://data.nowgoal.group/1x2/OddsHistory.aspx?id=90876533&r1=Everton&r2=West%20Ham%20United&Company=Marathonbet
ERROR    stat_parser.py[LINE:96 2020-09-15 13:57-51][MainProcess][get_odds_info] Err on received odds info
Traceback (most recent call last):
  File "nowg_parser/stat_parser.py", line 94, in get_odds_info
    get_odds_change(get_html(odds_url))
  File "nowg_parser/stat_parser.py", line 62, in get_odds_change
    tds = tr.select('td')
  File "/home/max/.cache/pypoetry/virtualenvs/nowg-parser-OXPWsSDV-py3.8/lib/python3.8/site-packages/bs4/element.py", line 883, in __getattr__
    raise AttributeError(
AttributeError: 'NavigableString' object has no attribute 'select'
INFO     stat_parser.py[LINE:14 2020-09-15 13:59-13][MainProcess][get_html] Start receive html on http://www.nowgoal.group/1x2/1720898.htm
INFO     stat_parser.py[LINE:80 2020-09-15 13:59-18][MainProcess][get_odds_info] Start stat parse
INFO     stat_parser.py[LINE:14 2020-09-15 13:59-18][MainProcess][get_html] Start receive html on http://data.nowgoal.group/1x2/OddsHistory.aspx?id=90474561&r1=Everton&r2=West%20Ham%20United&Company=Pinnacle
ERROR    stat_parser.py[LINE:96 2020-09-15 13:59-23][MainProcess][get_odds_info] Err on received odds info
Traceback (most recent call last):
  File "nowg_parser/stat_parser.py", line 94, in get_odds_info
    get_odds_change(get_html(odds_url))
  File "nowg_parser/stat_parser.py", line 62, in get_odds_change
    tds = tr.select('td')
  File "/home/max/.cache/pypoetry/virtualenvs/nowg-parser-OXPWsSDV-py3.8/lib/python3.8/site-packages/bs4/element.py", line 883, in __getattr__
    raise AttributeError(
AttributeError: 'NavigableString' object has no attribute 'select'
INFO     stat_parser.py[LINE:14 2020-09-15 13:59-23][MainProcess][get_html] Start receive html on http://data.nowgoal.group/1x2/OddsHistory.aspx?id=90507850&r1=Everton&r2=West%20Ham%20United&Company=Sbobet
ERROR    stat_parser.py[LINE:96 2020-09-15 13:59-28][MainProcess][get_odds_info] Err on received odds info
Traceback (most recent call last):
  File "nowg_parser/stat_parser.py", line 94, in get_odds_info
    get_odds_change(get_html(odds_url))
  File "nowg_parser/stat_parser.py", line 62, in get_odds_change
    tds = tr.select('td')
  File "/home/max/.cache/pypoetry/virtualenvs/nowg-parser-OXPWsSDV-py3.8/lib/python3.8/site-packages/bs4/element.py", line 883, in __getattr__
    raise AttributeError(
AttributeError: 'NavigableString' object has no attribute 'select'
INFO     stat_parser.py[LINE:14 2020-09-15 13:59-28][MainProcess][get_html] Start receive html on http://data.nowgoal.group/1x2/OddsHistory.aspx?id=90661723&r1=Everton&r2=West%20Ham%20United&Company=Betfair
ERROR    stat_parser.py[LINE:96 2020-09-15 13:59-33][MainProcess][get_odds_info] Err on received odds info
Traceback (most recent call last):
  File "nowg_parser/stat_parser.py", line 94, in get_odds_info
    get_odds_change(get_html(odds_url))
  File "nowg_parser/stat_parser.py", line 62, in get_odds_change
    tds = tr.select('td')
  File "/home/max/.cache/pypoetry/virtualenvs/nowg-parser-OXPWsSDV-py3.8/lib/python3.8/site-packages/bs4/element.py", line 883, in __getattr__
    raise AttributeError(
AttributeError: 'NavigableString' object has no attribute 'select'
INFO     stat_parser.py[LINE:14 2020-09-15 13:59-33][MainProcess][get_html] Start receive html on http://data.nowgoal.group/1x2/OddsHistory.aspx?id=90474860&r1=Everton&r2=West%20Ham%20United&Company=1xBet
ERROR    stat_parser.py[LINE:96 2020-09-15 13:59-37][MainProcess][get_odds_info] Err on received odds info
Traceback (most recent call last):
  File "nowg_parser/stat_parser.py", line 94, in get_odds_info
    get_odds_change(get_html(odds_url))
  File "nowg_parser/stat_parser.py", line 62, in get_odds_change
    tds = tr.select('td')
  File "/home/max/.cache/pypoetry/virtualenvs/nowg-parser-OXPWsSDV-py3.8/lib/python3.8/site-packages/bs4/element.py", line 883, in __getattr__
    raise AttributeError(
AttributeError: 'NavigableString' object has no attribute 'select'
INFO     stat_parser.py[LINE:14 2020-09-15 13:59-37][MainProcess][get_html] Start receive html on http://data.nowgoal.group/1x2/OddsHistory.aspx?id=90876533&r1=Everton&r2=West%20Ham%20United&Company=Marathonbet
ERROR    stat_parser.py[LINE:96 2020-09-15 13:59-41][MainProcess][get_odds_info] Err on received odds info
Traceback (most recent call last):
  File "nowg_parser/stat_parser.py", line 94, in get_odds_info
    get_odds_change(get_html(odds_url))
  File "nowg_parser/stat_parser.py", line 62, in get_odds_change
    tds = tr.select('td')
  File "/home/max/.cache/pypoetry/virtualenvs/nowg-parser-OXPWsSDV-py3.8/lib/python3.8/site-packages/bs4/element.py", line 883, in __getattr__
    raise AttributeError(
AttributeError: 'NavigableString' object has no attribute 'select'
INFO     stat_parser.py[LINE:14 2020-09-15 14:01-21][MainProcess][get_html] Start receive html on http://www.nowgoal.group/1x2/1720898.htm
INFO     stat_parser.py[LINE:74 2020-09-15 14:01-42][MainProcess][get_odds_info] Start stat parse
INFO     stat_parser.py[LINE:14 2020-09-15 14:01-42][MainProcess][get_html] Start receive html on http://data.nowgoal.group/1x2/OddsHistory.aspx?id=90474561&r1=Everton&r2=West%20Ham%20United&Company=Pinnacle
INFO     stat_parser.py[LINE:14 2020-09-15 14:01-47][MainProcess][get_html] Start receive html on http://data.nowgoal.group/1x2/OddsHistory.aspx?id=90507850&r1=Everton&r2=West%20Ham%20United&Company=Sbobet
INFO     stat_parser.py[LINE:14 2020-09-15 14:01-51][MainProcess][get_html] Start receive html on http://data.nowgoal.group/1x2/OddsHistory.aspx?id=90661723&r1=Everton&r2=West%20Ham%20United&Company=Betfair
INFO     stat_parser.py[LINE:14 2020-09-15 14:01-56][MainProcess][get_html] Start receive html on http://data.nowgoal.group/1x2/OddsHistory.aspx?id=90474860&r1=Everton&r2=West%20Ham%20United&Company=1xBet
INFO     stat_parser.py[LINE:14 2020-09-15 14:02-00][MainProcess][get_html] Start receive html on http://data.nowgoal.group/1x2/OddsHistory.aspx?id=90876533&r1=Everton&r2=West%20Ham%20United&Company=Marathonbet
INFO     stat_parser.py[LINE:14 2020-09-15 14:02-17][MainProcess][get_html] Start receive html on http://www.nowgoal.group/1x2/1720898.htm
INFO     stat_parser.py[LINE:74 2020-09-15 14:02-22][MainProcess][get_odds_info] Start stat parse
INFO     stat_parser.py[LINE:14 2020-09-15 14:02-22][MainProcess][get_html] Start receive html on http://data.nowgoal.group/1x2/OddsHistory.aspx?id=90474561&r1=Everton&r2=West%20Ham%20United&Company=Pinnacle
INFO     stat_parser.py[LINE:14 2020-09-15 14:02-27][MainProcess][get_html] Start receive html on http://data.nowgoal.group/1x2/OddsHistory.aspx?id=90507850&r1=Everton&r2=West%20Ham%20United&Company=Sbobet
INFO     stat_parser.py[LINE:14 2020-09-15 14:02-32][MainProcess][get_html] Start receive html on http://data.nowgoal.group/1x2/OddsHistory.aspx?id=90661723&r1=Everton&r2=West%20Ham%20United&Company=Betfair
INFO     stat_parser.py[LINE:14 2020-09-15 14:02-37][MainProcess][get_html] Start receive html on http://data.nowgoal.group/1x2/OddsHistory.aspx?id=90474860&r1=Everton&r2=West%20Ham%20United&Company=1xBet
INFO     stat_parser.py[LINE:14 2020-09-15 14:02-41][MainProcess][get_html] Start receive html on http://data.nowgoal.group/1x2/OddsHistory.aspx?id=90876533&r1=Everton&r2=West%20Ham%20United&Company=Marathonbet
INFO     stat_parser.py[LINE:14 2020-09-15 14:04-10][MainProcess][get_html] Start receive html on http://www.nowgoal.group/1x2/1720898.htm
INFO     stat_parser.py[LINE:74 2020-09-15 14:04-16][MainProcess][get_odds_info] Start stat parse
INFO     stat_parser.py[LINE:14 2020-09-15 14:04-16][MainProcess][get_html] Start receive html on http://data.nowgoal.group/1x2/OddsHistory.aspx?id=90474561&r1=Everton&r2=West%20Ham%20United&Company=Pinnacle
INFO     stat_parser.py[LINE:14 2020-09-15 14:04-21][MainProcess][get_html] Start receive html on http://data.nowgoal.group/1x2/OddsHistory.aspx?id=90507850&r1=Everton&r2=West%20Ham%20United&Company=Sbobet
INFO     stat_parser.py[LINE:14 2020-09-15 14:04-26][MainProcess][get_html] Start receive html on http://data.nowgoal.group/1x2/OddsHistory.aspx?id=90661723&r1=Everton&r2=West%20Ham%20United&Company=Betfair
INFO     stat_parser.py[LINE:14 2020-09-15 14:04-30][MainProcess][get_html] Start receive html on http://data.nowgoal.group/1x2/OddsHistory.aspx?id=90474860&r1=Everton&r2=West%20Ham%20United&Company=1xBet
INFO     stat_parser.py[LINE:14 2020-09-15 14:04-34][MainProcess][get_html] Start receive html on http://data.nowgoal.group/1x2/OddsHistory.aspx?id=90876533&r1=Everton&r2=West%20Ham%20United&Company=Marathonbet
INFO     stat_parser.py[LINE:14 2020-09-15 14:09-12][MainProcess][get_html] Start receive html on http://www.nowgoal.group/1x2/1720898.htm
INFO     stat_parser.py[LINE:79 2020-09-15 14:09-19][MainProcess][get_odds_info] Start stat parse
INFO     stat_parser.py[LINE:14 2020-09-15 14:09-19][MainProcess][get_html] Start receive html on http://data.nowgoal.group/1x2/OddsHistory.aspx?id=90474561&r1=Everton&r2=West%20Ham%20United&Company=Pinnacle
INFO     stat_parser.py[LINE:14 2020-09-15 14:09-24][MainProcess][get_html] Start receive html on http://data.nowgoal.group/1x2/OddsHistory.aspx?id=90507850&r1=Everton&r2=West%20Ham%20United&Company=Sbobet
INFO     stat_parser.py[LINE:14 2020-09-15 14:09-32][MainProcess][get_html] Start receive html on http://data.nowgoal.group/1x2/OddsHistory.aspx?id=90661723&r1=Everton&r2=West%20Ham%20United&Company=Betfair
INFO     stat_parser.py[LINE:14 2020-09-15 14:09-37][MainProcess][get_html] Start receive html on http://data.nowgoal.group/1x2/OddsHistory.aspx?id=90474860&r1=Everton&r2=West%20Ham%20United&Company=1xBet
INFO     stat_parser.py[LINE:14 2020-09-15 14:09-41][MainProcess][get_html] Start receive html on http://data.nowgoal.group/1x2/OddsHistory.aspx?id=90876533&r1=Everton&r2=West%20Ham%20United&Company=Marathonbet
INFO     stat_parser.py[LINE:14 2020-09-15 14:10-58][MainProcess][get_html] Start receive html on http://www.nowgoal.group/1x2/1720898.htm
INFO     stat_parser.py[LINE:79 2020-09-15 14:11-03][MainProcess][get_odds_info] Start stat parse
INFO     stat_parser.py[LINE:14 2020-09-15 14:11-03][MainProcess][get_html] Start receive html on http://data.nowgoal.group/1x2/OddsHistory.aspx?id=90474561&r1=Everton&r2=West%20Ham%20United&Company=Pinnacle
INFO     stat_parser.py[LINE:14 2020-09-15 14:11-08][MainProcess][get_html] Start receive html on http://data.nowgoal.group/1x2/OddsHistory.aspx?id=90507850&r1=Everton&r2=West%20Ham%20United&Company=Sbobet
INFO     stat_parser.py[LINE:14 2020-09-15 14:11-13][MainProcess][get_html] Start receive html on http://data.nowgoal.group/1x2/OddsHistory.aspx?id=90661723&r1=Everton&r2=West%20Ham%20United&Company=Betfair
INFO     stat_parser.py[LINE:14 2020-09-15 14:11-17][MainProcess][get_html] Start receive html on http://data.nowgoal.group/1x2/OddsHistory.aspx?id=90474860&r1=Everton&r2=West%20Ham%20United&Company=1xBet
INFO     stat_parser.py[LINE:14 2020-09-15 14:11-21][MainProcess][get_html] Start receive html on http://data.nowgoal.group/1x2/OddsHistory.aspx?id=90876533&r1=Everton&r2=West%20Ham%20United&Company=Marathonbet
INFO     stat_parser.py[LINE:14 2020-09-15 14:14-32][MainProcess][get_html] Start receive html on http://www.nowgoal.group/1x2/1720898.htm
INFO     stat_parser.py[LINE:79 2020-09-15 14:14-41][MainProcess][get_odds_info] Start stat parse
INFO     stat_parser.py[LINE:14 2020-09-15 14:14-41][MainProcess][get_html] Start receive html on http://data.nowgoal.group/1x2/OddsHistory.aspx?id=90474561&r1=Everton&r2=West%20Ham%20United&Company=Pinnacle
ERROR    stat_parser.py[LINE:95 2020-09-15 14:14-46][MainProcess][get_odds_info] Err on received odds info
Traceback (most recent call last):
  File "nowg_parser/stat_parser.py", line 93, in get_odds_info
    print(get_odds_change(get_html(odds_url)))
  File "nowg_parser/stat_parser.py", line 75, in get_odds_change
    odds_change['change_times'].append(tds[-1].text.strip())
AttributeError: 'str' object has no attribute 'append'
INFO     stat_parser.py[LINE:14 2020-09-15 14:14-46][MainProcess][get_html] Start receive html on http://data.nowgoal.group/1x2/OddsHistory.aspx?id=90507850&r1=Everton&r2=West%20Ham%20United&Company=Sbobet
ERROR    stat_parser.py[LINE:95 2020-09-15 14:14-51][MainProcess][get_odds_info] Err on received odds info
Traceback (most recent call last):
  File "nowg_parser/stat_parser.py", line 93, in get_odds_info
    print(get_odds_change(get_html(odds_url)))
  File "nowg_parser/stat_parser.py", line 75, in get_odds_change
    odds_change['change_times'].append(tds[-1].text.strip())
AttributeError: 'str' object has no attribute 'append'
INFO     stat_parser.py[LINE:14 2020-09-15 14:14-51][MainProcess][get_html] Start receive html on http://data.nowgoal.group/1x2/OddsHistory.aspx?id=90661723&r1=Everton&r2=West%20Ham%20United&Company=Betfair
ERROR    stat_parser.py[LINE:95 2020-09-15 14:14-55][MainProcess][get_odds_info] Err on received odds info
Traceback (most recent call last):
  File "nowg_parser/stat_parser.py", line 93, in get_odds_info
    print(get_odds_change(get_html(odds_url)))
  File "nowg_parser/stat_parser.py", line 75, in get_odds_change
    odds_change['change_times'].append(tds[-1].text.strip())
AttributeError: 'str' object has no attribute 'append'
INFO     stat_parser.py[LINE:14 2020-09-15 14:14-55][MainProcess][get_html] Start receive html on http://data.nowgoal.group/1x2/OddsHistory.aspx?id=90474860&r1=Everton&r2=West%20Ham%20United&Company=1xBet
ERROR    stat_parser.py[LINE:95 2020-09-15 14:14-59][MainProcess][get_odds_info] Err on received odds info
Traceback (most recent call last):
  File "nowg_parser/stat_parser.py", line 93, in get_odds_info
    print(get_odds_change(get_html(odds_url)))
  File "nowg_parser/stat_parser.py", line 75, in get_odds_change
    odds_change['change_times'].append(tds[-1].text.strip())
AttributeError: 'str' object has no attribute 'append'
INFO     stat_parser.py[LINE:14 2020-09-15 14:14-59][MainProcess][get_html] Start receive html on http://data.nowgoal.group/1x2/OddsHistory.aspx?id=90876533&r1=Everton&r2=West%20Ham%20United&Company=Marathonbet
ERROR    stat_parser.py[LINE:95 2020-09-15 14:15-03][MainProcess][get_odds_info] Err on received odds info
Traceback (most recent call last):
  File "nowg_parser/stat_parser.py", line 93, in get_odds_info
    print(get_odds_change(get_html(odds_url)))
  File "nowg_parser/stat_parser.py", line 75, in get_odds_change
    odds_change['change_times'].append(tds[-1].text.strip())
AttributeError: 'str' object has no attribute 'append'
INFO     stat_parser.py[LINE:15 2020-09-15 14:45-23][MainProcess][get_html] Start receive html on http://www.nowgoal.group/detail/1722046.html
INFO     stat_parser.py[LINE:35 2020-09-15 14:45-33][MainProcess][get_event_stats] Start stat parse
INFO     stat_parser.py[LINE:15 2020-09-15 14:46-30][MainProcess][get_html] Start receive html on http://www.nowgoal.group/detail/1722046.html
INFO     stat_parser.py[LINE:35 2020-09-15 14:46-37][MainProcess][get_event_stats] Start stat parse
INFO     stat_parser.py[LINE:15 2020-09-15 14:47-44][MainProcess][get_html] Start receive html on http://www.nowgoal.group/detail/1722046.html
INFO     stat_parser.py[LINE:35 2020-09-15 14:47-50][MainProcess][get_event_stats] Start stat parse
INFO     stat_parser.py[LINE:15 2020-09-15 14:48-18][MainProcess][get_html] Start receive html on http://www.nowgoal.group/detail/1722046.html
INFO     stat_parser.py[LINE:35 2020-09-15 14:48-23][MainProcess][get_event_stats] Start stat parse
INFO     stat_parser.py[LINE:15 2020-09-15 14:48-50][MainProcess][get_html] Start receive html on http://www.nowgoal.group/detail/1722046.html
INFO     stat_parser.py[LINE:36 2020-09-15 14:48-56][MainProcess][get_event_stats] Start stat parse
INFO     stat_parser.py[LINE:15 2020-09-15 14:49-46][MainProcess][get_html] Start receive html on http://www.nowgoal.group/detail/1722046.html
INFO     stat_parser.py[LINE:37 2020-09-15 14:49-53][MainProcess][get_event_stats] Start stat parse
INFO     stat_parser.py[LINE:15 2020-09-15 14:50-30][MainProcess][get_html] Start receive html on http://www.nowgoal.group/detail/1722046.html
INFO     stat_parser.py[LINE:35 2020-09-15 14:50-34][MainProcess][get_event_stats] Start stat parse
INFO     stat_parser.py[LINE:15 2020-09-15 14:51-00][MainProcess][get_html] Start receive html on http://www.nowgoal.group/detail/1722046.html
INFO     stat_parser.py[LINE:35 2020-09-15 14:51-11][MainProcess][get_event_stats] Start stat parse
INFO     stat_parser.py[LINE:15 2020-09-15 14:53-52][MainProcess][get_html] Start receive html on http://data.nowgoal.group/detail/1016974.html
INFO     stat_parser.py[LINE:35 2020-09-15 14:53-58][MainProcess][get_event_stats] Start stat parse
INFO     stat_parser.py[LINE:15 2020-09-15 14:54-51][MainProcess][get_html] Start receive html on http://data.nowgoal.group/detail/1154137.html
INFO     stat_parser.py[LINE:35 2020-09-15 14:54-55][MainProcess][get_event_stats] Start stat parse
INFO     stat_parser.py[LINE:15 2020-09-15 14:55-58][MainProcess][get_html] Start receive html on http://data.nowgoal.group/1x2/1154137.html
INFO     stat_parser.py[LINE:82 2020-09-15 14:56-06][MainProcess][get_odds_info] Start stat parse
ERROR    stat_parser.py[LINE:98 2020-09-15 14:56-06][MainProcess][get_odds_info] Err on received odds info
Traceback (most recent call last):
  File "nowg_parser/stat_parser.py", line 95, in get_odds_info
    odds_url = odds_row[0].select('td')[2]['onclick'].split("'")[1]
IndexError: list index out of range
ERROR    stat_parser.py[LINE:98 2020-09-15 14:56-06][MainProcess][get_odds_info] Err on received odds info
Traceback (most recent call last):
  File "nowg_parser/stat_parser.py", line 95, in get_odds_info
    odds_url = odds_row[0].select('td')[2]['onclick'].split("'")[1]
IndexError: list index out of range
ERROR    stat_parser.py[LINE:98 2020-09-15 14:56-06][MainProcess][get_odds_info] Err on received odds info
Traceback (most recent call last):
  File "nowg_parser/stat_parser.py", line 95, in get_odds_info
    odds_url = odds_row[0].select('td')[2]['onclick'].split("'")[1]
IndexError: list index out of range
ERROR    stat_parser.py[LINE:98 2020-09-15 14:56-06][MainProcess][get_odds_info] Err on received odds info
Traceback (most recent call last):
  File "nowg_parser/stat_parser.py", line 95, in get_odds_info
    odds_url = odds_row[0].select('td')[2]['onclick'].split("'")[1]
IndexError: list index out of range
ERROR    stat_parser.py[LINE:98 2020-09-15 14:56-06][MainProcess][get_odds_info] Err on received odds info
Traceback (most recent call last):
  File "nowg_parser/stat_parser.py", line 95, in get_odds_info
    odds_url = odds_row[0].select('td')[2]['onclick'].split("'")[1]
IndexError: list index out of range
INFO     stat_parser.py[LINE:15 2020-09-15 14:59-01][MainProcess][get_html] Start receive html on http://data.nowgoal.group/1x2/1154137.html
INFO     stat_parser.py[LINE:82 2020-09-15 14:59-07][MainProcess][get_odds_info] Start stat parse
INFO     stat_parser.py[LINE:15 2020-09-15 14:59-33][MainProcess][get_html] Start receive html on http://data.nowgoal.group/1x2/1154137.html
INFO     stat_parser.py[LINE:82 2020-09-15 14:59-39][MainProcess][get_odds_info] Start stat parse
INFO     stat_parser.py[LINE:15 2020-09-15 14:59-52][MainProcess][get_html] Start receive html on http://data.nowgoal.group/1x2/1154137.html
INFO     stat_parser.py[LINE:82 2020-09-15 14:59-59][MainProcess][get_odds_info] Start stat parse
ERROR    stat_parser.py[LINE:99 2020-09-15 14:59-59][MainProcess][get_odds_info] Err on received odds info
Traceback (most recent call last):
  File "nowg_parser/stat_parser.py", line 96, in get_odds_info
    odds_url = odds_row[0].select('td')[2]['onclick'].split("'")[1]
IndexError: list index out of range
ERROR    stat_parser.py[LINE:99 2020-09-15 14:59-59][MainProcess][get_odds_info] Err on received odds info
Traceback (most recent call last):
  File "nowg_parser/stat_parser.py", line 96, in get_odds_info
    odds_url = odds_row[0].select('td')[2]['onclick'].split("'")[1]
IndexError: list index out of range
ERROR    stat_parser.py[LINE:99 2020-09-15 14:59-59][MainProcess][get_odds_info] Err on received odds info
Traceback (most recent call last):
  File "nowg_parser/stat_parser.py", line 96, in get_odds_info
    odds_url = odds_row[0].select('td')[2]['onclick'].split("'")[1]
IndexError: list index out of range
ERROR    stat_parser.py[LINE:99 2020-09-15 14:59-59][MainProcess][get_odds_info] Err on received odds info
Traceback (most recent call last):
  File "nowg_parser/stat_parser.py", line 96, in get_odds_info
    odds_url = odds_row[0].select('td')[2]['onclick'].split("'")[1]
IndexError: list index out of range
ERROR    stat_parser.py[LINE:99 2020-09-15 14:59-59][MainProcess][get_odds_info] Err on received odds info
Traceback (most recent call last):
  File "nowg_parser/stat_parser.py", line 96, in get_odds_info
    odds_url = odds_row[0].select('td')[2]['onclick'].split("'")[1]
IndexError: list index out of range
INFO     stat_parser.py[LINE:15 2020-09-15 15:03-12][MainProcess][get_html] Start receive html on http://www.nowgoal.group/1x2/1154137.htm
ERROR    stat_parser.py[LINE:23 2020-09-15 15:03-12][MainProcess][get_html] Err received html on {url}
Traceback (most recent call last):
  File "nowg_parser/stat_parser.py", line 18, in get_html
    driver.get(url)
  File "/home/max/.cache/pypoetry/virtualenvs/nowg-parser-OXPWsSDV-py3.8/lib/python3.8/site-packages/selenium/webdriver/remote/webdriver.py", line 333, in get
    self.execute(Command.GET, {'url': url})
  File "/home/max/.cache/pypoetry/virtualenvs/nowg-parser-OXPWsSDV-py3.8/lib/python3.8/site-packages/selenium/webdriver/remote/webdriver.py", line 321, in execute
    self.error_handler.check_response(response)
  File "/home/max/.cache/pypoetry/virtualenvs/nowg-parser-OXPWsSDV-py3.8/lib/python3.8/site-packages/selenium/webdriver/remote/errorhandler.py", line 242, in check_response
    raise exception_class(message, screen, stacktrace)
selenium.common.exceptions.WebDriverException: Message: unknown error: net::ERR_ADDRESS_UNREACHABLE
  (Session info: headless chrome=85.0.4183.83)

INFO     stat_parser.py[LINE:82 2020-09-15 15:03-12][MainProcess][get_odds_info] Start stat parse
INFO     stat_parser.py[LINE:15 2020-09-15 15:03-32][MainProcess][get_html] Start receive html on http://www.nowgoal.group/1x2/1154137.htm
INFO     stat_parser.py[LINE:82 2020-09-15 15:03-38][MainProcess][get_odds_info] Start stat parse
INFO     stat_parser.py[LINE:15 2020-09-15 15:03-38][MainProcess][get_html] Start receive html on http://data.nowgoal.group/1x2/OddsHistory.aspx?id=51447037&r1=Athletic%20Bilbao%20B&r2=Numancia&Company=Pinnacle Sports
ERROR    stat_parser.py[LINE:98 2020-09-15 15:03-42][MainProcess][get_odds_info] Err on received odds info
Traceback (most recent call last):
  File "nowg_parser/stat_parser.py", line 96, in get_odds_info
    print(get_odds_change(get_html(odds_url)))
TypeError: get_odds_change() missing 1 required positional argument: 'event_id'
INFO     stat_parser.py[LINE:15 2020-09-15 15:03-42][MainProcess][get_html] Start receive html on http://data.nowgoal.group/1x2/OddsHistory.aspx?id=51441305&r1=Athletic%20Bilbao%20B&r2=Numancia&Company=sbobet
ERROR    stat_parser.py[LINE:98 2020-09-15 15:03-46][MainProcess][get_odds_info] Err on received odds info
Traceback (most recent call last):
  File "nowg_parser/stat_parser.py", line 96, in get_odds_info
    print(get_odds_change(get_html(odds_url)))
TypeError: get_odds_change() missing 1 required positional argument: 'event_id'
INFO     stat_parser.py[LINE:15 2020-09-15 15:03-46][MainProcess][get_html] Start receive html on http://data.nowgoal.group/1x2/OddsHistory.aspx?id=51442330&r1=Athletic%20Bilbao%20B&r2=Numancia&Company=Betfair
ERROR    stat_parser.py[LINE:98 2020-09-15 15:03-50][MainProcess][get_odds_info] Err on received odds info
Traceback (most recent call last):
  File "nowg_parser/stat_parser.py", line 96, in get_odds_info
    print(get_odds_change(get_html(odds_url)))
TypeError: get_odds_change() missing 1 required positional argument: 'event_id'
INFO     stat_parser.py[LINE:15 2020-09-15 15:03-50][MainProcess][get_html] Start receive html on http://data.nowgoal.group/1x2/OddsHistory.aspx?id=51535807&r1=Athletic%20Bilbao%20B&r2=Numancia&Company=1xBet
ERROR    stat_parser.py[LINE:98 2020-09-15 15:03-53][MainProcess][get_odds_info] Err on received odds info
Traceback (most recent call last):
  File "nowg_parser/stat_parser.py", line 96, in get_odds_info
    print(get_odds_change(get_html(odds_url)))
TypeError: get_odds_change() missing 1 required positional argument: 'event_id'
INFO     stat_parser.py[LINE:15 2020-09-15 15:03-53][MainProcess][get_html] Start receive html on http://data.nowgoal.group/1x2/OddsHistory.aspx?id=51450895&r1=Athletic%20Bilbao%20B&r2=Numancia&Company=Marathonbet
ERROR    stat_parser.py[LINE:98 2020-09-15 15:03-56][MainProcess][get_odds_info] Err on received odds info
Traceback (most recent call last):
  File "nowg_parser/stat_parser.py", line 96, in get_odds_info
    print(get_odds_change(get_html(odds_url)))
TypeError: get_odds_change() missing 1 required positional argument: 'event_id'
INFO     stat_parser.py[LINE:15 2020-09-15 15:04-50][MainProcess][get_html] Start receive html on http://www.nowgoal.group/1x2/1154137.htm
INFO     stat_parser.py[LINE:82 2020-09-15 15:04-55][MainProcess][get_odds_info] Start stat parse
INFO     stat_parser.py[LINE:15 2020-09-15 15:04-56][MainProcess][get_html] Start receive html on http://data.nowgoal.group/1x2/OddsHistory.aspx?id=51447037&r1=Athletic%20Bilbao%20B&r2=Numancia&Company=Pinnacle Sports
ERROR    stat_parser.py[LINE:98 2020-09-15 15:05-00][MainProcess][get_odds_info] Err on received odds info
Traceback (most recent call last):
  File "nowg_parser/stat_parser.py", line 96, in get_odds_info
    print(get_odds_change(get_html(odds_url)))
TypeError: get_odds_change() missing 1 required positional argument: 'event_id'
INFO     stat_parser.py[LINE:15 2020-09-15 15:05-00][MainProcess][get_html] Start receive html on http://data.nowgoal.group/1x2/OddsHistory.aspx?id=51441305&r1=Athletic%20Bilbao%20B&r2=Numancia&Company=sbobet
ERROR    stat_parser.py[LINE:98 2020-09-15 15:05-03][MainProcess][get_odds_info] Err on received odds info
Traceback (most recent call last):
  File "nowg_parser/stat_parser.py", line 96, in get_odds_info
    print(get_odds_change(get_html(odds_url)))
TypeError: get_odds_change() missing 1 required positional argument: 'event_id'
INFO     stat_parser.py[LINE:15 2020-09-15 15:05-03][MainProcess][get_html] Start receive html on http://data.nowgoal.group/1x2/OddsHistory.aspx?id=51442330&r1=Athletic%20Bilbao%20B&r2=Numancia&Company=Betfair
ERROR    stat_parser.py[LINE:98 2020-09-15 15:05-07][MainProcess][get_odds_info] Err on received odds info
Traceback (most recent call last):
  File "nowg_parser/stat_parser.py", line 96, in get_odds_info
    print(get_odds_change(get_html(odds_url)))
TypeError: get_odds_change() missing 1 required positional argument: 'event_id'
INFO     stat_parser.py[LINE:15 2020-09-15 15:05-07][MainProcess][get_html] Start receive html on http://data.nowgoal.group/1x2/OddsHistory.aspx?id=51535807&r1=Athletic%20Bilbao%20B&r2=Numancia&Company=1xBet
ERROR    stat_parser.py[LINE:98 2020-09-15 15:05-10][MainProcess][get_odds_info] Err on received odds info
Traceback (most recent call last):
  File "nowg_parser/stat_parser.py", line 96, in get_odds_info
    print(get_odds_change(get_html(odds_url)))
TypeError: get_odds_change() missing 1 required positional argument: 'event_id'
INFO     stat_parser.py[LINE:15 2020-09-15 15:05-10][MainProcess][get_html] Start receive html on http://data.nowgoal.group/1x2/OddsHistory.aspx?id=51450895&r1=Athletic%20Bilbao%20B&r2=Numancia&Company=Marathonbet
ERROR    stat_parser.py[LINE:98 2020-09-15 15:05-13][MainProcess][get_odds_info] Err on received odds info
Traceback (most recent call last):
  File "nowg_parser/stat_parser.py", line 96, in get_odds_info
    print(get_odds_change(get_html(odds_url)))
TypeError: get_odds_change() missing 1 required positional argument: 'event_id'
INFO     stat_parser.py[LINE:15 2020-09-15 15:06-03][MainProcess][get_html] Start receive html on http://www.nowgoal.group/1x2/1154137.htm
INFO     stat_parser.py[LINE:82 2020-09-15 15:06-12][MainProcess][get_odds_info] Start stat parse
INFO     stat_parser.py[LINE:15 2020-09-15 15:06-13][MainProcess][get_html] Start receive html on http://data.nowgoal.group/1x2/OddsHistory.aspx?id=51447037&r1=Athletic%20Bilbao%20B&r2=Numancia&Company=Pinnacle Sports
INFO     stat_parser.py[LINE:15 2020-09-15 15:06-16][MainProcess][get_html] Start receive html on http://data.nowgoal.group/1x2/OddsHistory.aspx?id=51441305&r1=Athletic%20Bilbao%20B&r2=Numancia&Company=sbobet
INFO     stat_parser.py[LINE:15 2020-09-15 15:06-20][MainProcess][get_html] Start receive html on http://data.nowgoal.group/1x2/OddsHistory.aspx?id=51442330&r1=Athletic%20Bilbao%20B&r2=Numancia&Company=Betfair
INFO     stat_parser.py[LINE:15 2020-09-15 15:06-24][MainProcess][get_html] Start receive html on http://data.nowgoal.group/1x2/OddsHistory.aspx?id=51535807&r1=Athletic%20Bilbao%20B&r2=Numancia&Company=1xBet
ERROR    stat_parser.py[LINE:98 2020-09-15 15:06-27][MainProcess][get_odds_info] Err on received odds info
Traceback (most recent call last):
  File "nowg_parser/stat_parser.py", line 96, in get_odds_info
    print(get_odds_change(get_html(odds_url), event_id))
  File "nowg_parser/stat_parser.py", line 54, in get_odds_change
    away_team = trs[2].select('td')[0].text.strip()
IndexError: list index out of range
INFO     stat_parser.py[LINE:15 2020-09-15 15:06-27][MainProcess][get_html] Start receive html on http://data.nowgoal.group/1x2/OddsHistory.aspx?id=51450895&r1=Athletic%20Bilbao%20B&r2=Numancia&Company=Marathonbet
ERROR    stat_parser.py[LINE:98 2020-09-15 15:06-30][MainProcess][get_odds_info] Err on received odds info
Traceback (most recent call last):
  File "nowg_parser/stat_parser.py", line 96, in get_odds_info
    print(get_odds_change(get_html(odds_url), event_id))
  File "nowg_parser/stat_parser.py", line 54, in get_odds_change
    away_team = trs[2].select('td')[0].text.strip()
IndexError: list index out of range
